RUN	MySimulation	mysimulation	1632105788850	 	3.6.1
USER	Get A Random Pause and Result	START	1632105790373
USER	Get A Random Pause and Result	START	1632105790454
USER	Get A Random Pause and Result	START	1632105790552
USER	Get A Random Pause and Result	START	1632105790659
USER	Get A Random Pause and Result	START	1632105790759
USER	Get A Random Pause and Result	START	1632105790857
REQUEST		Get a random result	1632105790455	1632105790893	OK	 
REQUEST		Get a random result	1632105790414	1632105790929	OK	 
USER	Get A Random Pause and Result	START	1632105790961
USER	Get A Random Pause and Result	START	1632105791057
USER	Get A Random Pause and Result	START	1632105791158
USER	Get A Random Pause and Result	END	1632105791166
USER	Get A Random Pause and Result	END	1632105791184
REQUEST		Get a random result	1632105790858	1632105791233	OK	 
REQUEST		Get a random result	1632105790553	1632105791233	OK	 
REQUEST		Get a random result	1632105790759	1632105791241	OK	 
USER	Get A Random Pause and Result	START	1632105791262
REQUEST		Get a random result	1632105790659	1632105791281	OK	 
USER	Get A Random Pause and Result	START	1632105791360
USER	Get A Random Pause and Result	START	1632105791395
USER	Get A Random Pause and Result	START	1632105791429
REQUEST		Get a random result	1632105790962	1632105791454	OK	 
USER	Get A Random Pause and Result	START	1632105791464
REQUEST		Get a random result	1632105791159	1632105791481	OK	 
USER	Get A Random Pause and Result	END	1632105791485
USER	Get A Random Pause and Result	END	1632105791485
USER	Get A Random Pause and Result	END	1632105791495
USER	Get A Random Pause and Result	START	1632105791496
REQUEST		Get a random result	1632105791058	1632105791514	OK	 
USER	Get A Random Pause and Result	START	1632105791529
USER	Get A Random Pause and Result	END	1632105791535
USER	Get A Random Pause and Result	START	1632105791562
USER	Get A Random Pause and Result	START	1632105791594
USER	Get A Random Pause and Result	START	1632105791630
REQUEST		Get a random result	1632105791263	1632105791651	OK	 
USER	Get A Random Pause and Result	START	1632105791660
USER	Get A Random Pause and Result	START	1632105791696
USER	Get A Random Pause and Result	END	1632105791708
USER	Get A Random Pause and Result	START	1632105791728
USER	Get A Random Pause and Result	END	1632105791733
USER	Get A Random Pause and Result	START	1632105791761
USER	Get A Random Pause and Result	END	1632105791766
USER	Get A Random Pause and Result	START	1632105791798
USER	Get A Random Pause and Result	START	1632105791828
USER	Get A Random Pause and Result	START	1632105791861
USER	Get A Random Pause and Result	START	1632105791894
USER	Get A Random Pause and Result	END	1632105791908
USER	Get A Random Pause and Result	START	1632105791928
REQUEST		Get a random result	1632105791594	1632105791966	OK	 
USER	Get A Random Pause and Result	START	1632105791965
REQUEST		Get a random result	1632105791465	1632105791975	OK	 
REQUEST		Get a random result	1632105791530	1632105791975	OK	 
USER	Get A Random Pause and Result	START	1632105791994
REQUEST		Get a random result	1632105791562	1632105792009	OK	 
USER	Get A Random Pause and Result	START	1632105792028
REQUEST		Get a random result	1632105791497	1632105792041	OK	 
USER	Get A Random Pause and Result	START	1632105792065
REQUEST		Get a random result	1632105791430	1632105792095	OK	 
USER	Get A Random Pause and Result	START	1632105792098
REQUEST		Get a random result	1632105791395	1632105792131	OK	 
USER	Get A Random Pause and Result	START	1632105792130
REQUEST		Get a random result	1632105791361	1632105792139	OK	 
USER	Get A Random Pause and Result	START	1632105792161
USER	Get A Random Pause and Result	START	1632105792197
USER	Get A Random Pause and Result	END	1632105792217
USER	Get A Random Pause and Result	END	1632105792230
USER	Get A Random Pause and Result	END	1632105792230
USER	Get A Random Pause and Result	START	1632105792230
USER	Get A Random Pause and Result	END	1632105792266
USER	Get A Random Pause and Result	START	1632105792265
USER	Get A Random Pause and Result	END	1632105792294
USER	Get A Random Pause and Result	START	1632105792299
USER	Get A Random Pause and Result	START	1632105792331
USER	Get A Random Pause and Result	END	1632105792352
USER	Get A Random Pause and Result	START	1632105792361
USER	Get A Random Pause and Result	START	1632105792362
USER	Get A Random Pause and Result	START	1632105792384
USER	Get A Random Pause and Result	END	1632105792386
USER	Get A Random Pause and Result	END	1632105792391
USER	Get A Random Pause and Result	START	1632105792402
REQUEST		Get a random result	1632105791798	1632105792417	OK	 
USER	Get A Random Pause and Result	START	1632105792424
USER	Get A Random Pause and Result	START	1632105792445
REQUEST		Get a random result	1632105791862	1632105792458	OK	 
USER	Get A Random Pause and Result	START	1632105792462
REQUEST		Get a random result	1632105791729	1632105792467	OK	 
USER	Get A Random Pause and Result	START	1632105792485
REQUEST		Get a random result	1632105791761	1632105792505	OK	 
REQUEST		Get a random result	1632105791828	1632105792505	OK	 
USER	Get A Random Pause and Result	START	1632105792507
USER	Get A Random Pause and Result	START	1632105792526
REQUEST		Get a random result	1632105791661	1632105792544	OK	 
USER	Get A Random Pause and Result	START	1632105792543
USER	Get A Random Pause and Result	START	1632105792565
REQUEST		Get a random result	1632105791696	1632105792579	OK	 
USER	Get A Random Pause and Result	START	1632105792582
USER	Get A Random Pause and Result	START	1632105792607
USER	Get A Random Pause and Result	START	1632105792625
REQUEST		Get a random result	1632105791630	1632105792639	OK	 
USER	Get A Random Pause and Result	START	1632105792646
USER	Get A Random Pause and Result	START	1632105792667
USER	Get A Random Pause and Result	END	1632105792672
USER	Get A Random Pause and Result	START	1632105792685
USER	Get A Random Pause and Result	START	1632105792707
USER	Get A Random Pause and Result	END	1632105792713
USER	Get A Random Pause and Result	END	1632105792719
USER	Get A Random Pause and Result	START	1632105792725
USER	Get A Random Pause and Result	START	1632105792745
USER	Get A Random Pause and Result	END	1632105792758
USER	Get A Random Pause and Result	END	1632105792758
USER	Get A Random Pause and Result	START	1632105792765
USER	Get A Random Pause and Result	START	1632105792786
USER	Get A Random Pause and Result	END	1632105792799
USER	Get A Random Pause and Result	START	1632105792807
USER	Get A Random Pause and Result	START	1632105792828
USER	Get A Random Pause and Result	END	1632105792831
USER	Get A Random Pause and Result	START	1632105792848
REQUEST		Get a random result	1632105791995	1632105792858	OK	 
REQUEST		Get a random result	1632105792028	1632105792859	OK	 
USER	Get A Random Pause and Result	START	1632105792869
REQUEST		Get a random result	1632105792065	1632105792885	OK	 
USER	Get A Random Pause and Result	START	1632105792885
USER	Get A Random Pause and Result	END	1632105792892
USER	Get A Random Pause and Result	START	1632105792907
REQUEST		Get a random result	1632105791965	1632105792916	OK	 
USER	Get A Random Pause and Result	START	1632105792927
REQUEST		Get a random result	1632105792131	1632105792946	OK	 
REQUEST		Get a random result	1632105791929	1632105792946	OK	 
USER	Get A Random Pause and Result	START	1632105792945
USER	Get A Random Pause and Result	START	1632105792967
USER	Get A Random Pause and Result	START	1632105792986
REQUEST		Get a random result	1632105792099	1632105792990	OK	 
USER	Get A Random Pause and Result	START	1632105793008
USER	Get A Random Pause and Result	START	1632105793024
USER	Get A Random Pause and Result	START	1632105793047
USER	Get A Random Pause and Result	START	1632105793068
USER	Get A Random Pause and Result	START	1632105793088
REQUEST		Get a random result	1632105791895	1632105793090	OK	 
USER	Get A Random Pause and Result	START	1632105793107
USER	Get A Random Pause and Result	END	1632105793111
USER	Get A Random Pause and Result	END	1632105793113
USER	Get A Random Pause and Result	START	1632105793126
USER	Get A Random Pause and Result	END	1632105793140
USER	Get A Random Pause and Result	START	1632105793145
USER	Get A Random Pause and Result	START	1632105793165
USER	Get A Random Pause and Result	END	1632105793171
USER	Get A Random Pause and Result	START	1632105793186
USER	Get A Random Pause and Result	END	1632105793199
USER	Get A Random Pause and Result	END	1632105793199
USER	Get A Random Pause and Result	START	1632105793207
USER	Get A Random Pause and Result	START	1632105793228
USER	Get A Random Pause and Result	END	1632105793245
USER	Get A Random Pause and Result	START	1632105793245
USER	Get A Random Pause and Result	START	1632105793268
REQUEST		Get a random result	1632105792363	1632105793279	OK	 
REQUEST		Get a random result	1632105792332	1632105793279	OK	 
USER	Get A Random Pause and Result	START	1632105793285
USER	Get A Random Pause and Result	START	1632105793307
REQUEST		Get a random result	1632105792362	1632105793313	OK	 
USER	Get A Random Pause and Result	START	1632105793326
REQUEST		Get a random result	1632105792266	1632105793335	OK	 
USER	Get A Random Pause and Result	END	1632105793346
USER	Get A Random Pause and Result	START	1632105793346
REQUEST		Get a random result	1632105792197	1632105793352	OK	 
USER	Get A Random Pause and Result	START	1632105793362
USER	Get A Random Pause and Result	START	1632105793370
USER	Get A Random Pause and Result	START	1632105793384
USER	Get A Random Pause and Result	START	1632105793403
REQUEST		Get a random result	1632105792231	1632105793407	OK	 
REQUEST		Get a random result	1632105792299	1632105793415	OK	 
USER	Get A Random Pause and Result	START	1632105793415
USER	Get A Random Pause and Result	START	1632105793429
USER	Get A Random Pause and Result	START	1632105793442
USER	Get A Random Pause and Result	START	1632105793457
REQUEST		Get a random result	1632105792161	1632105793460	OK	 
USER	Get A Random Pause and Result	START	1632105793474
USER	Get A Random Pause and Result	START	1632105793485
USER	Get A Random Pause and Result	START	1632105793499
USER	Get A Random Pause and Result	START	1632105793519
USER	Get A Random Pause and Result	END	1632105793531
USER	Get A Random Pause and Result	START	1632105793531
USER	Get A Random Pause and Result	END	1632105793532
USER	Get A Random Pause and Result	START	1632105793544
USER	Get A Random Pause and Result	START	1632105793561
USER	Get A Random Pause and Result	END	1632105793563
USER	Get A Random Pause and Result	START	1632105793574
USER	Get A Random Pause and Result	END	1632105793589
USER	Get A Random Pause and Result	START	1632105793589
USER	Get A Random Pause and Result	START	1632105793600
USER	Get A Random Pause and Result	END	1632105793607
REQUEST		Get a random result	1632105792486	1632105793615	OK	 
USER	Get A Random Pause and Result	START	1632105793615
USER	Get A Random Pause and Result	START	1632105793632
USER	Get A Random Pause and Result	START	1632105793647
REQUEST		Get a random result	1632105792527	1632105793658	OK	 
USER	Get A Random Pause and Result	END	1632105793659
USER	Get A Random Pause and Result	START	1632105793659
USER	Get A Random Pause and Result	END	1632105793670
USER	Get A Random Pause and Result	START	1632105793674
USER	Get A Random Pause and Result	START	1632105793686
USER	Get A Random Pause and Result	START	1632105793705
USER	Get A Random Pause and Result	END	1632105793715
USER	Get A Random Pause and Result	START	1632105793716
REQUEST		Get a random result	1632105792462	1632105793729	OK	 
USER	Get A Random Pause and Result	START	1632105793730
USER	Get A Random Pause and Result	START	1632105793746
USER	Get A Random Pause and Result	START	1632105793759
USER	Get A Random Pause and Result	START	1632105793774
USER	Get A Random Pause and Result	START	1632105793786
USER	Get A Random Pause and Result	START	1632105793803
REQUEST		Get a random result	1632105792508	1632105793810	OK	 
REQUEST		Get a random result	1632105792402	1632105793816	OK	 
USER	Get A Random Pause and Result	START	1632105793817
USER	Get A Random Pause and Result	START	1632105793833
REQUEST		Get a random result	1632105792446	1632105793835	OK	 
USER	Get A Random Pause and Result	START	1632105793844
REQUEST		Get a random result	1632105792384	1632105793859	OK	 
USER	Get A Random Pause and Result	START	1632105793859
USER	Get A Random Pause and Result	END	1632105793868
USER	Get A Random Pause and Result	START	1632105793872
USER	Get A Random Pause and Result	START	1632105793886
USER	Get A Random Pause and Result	START	1632105793902
REQUEST		Get a random result	1632105792425	1632105793908	OK	 
USER	Get A Random Pause and Result	END	1632105793911
USER	Get A Random Pause and Result	START	1632105793917
USER	Get A Random Pause and Result	START	1632105793930
USER	Get A Random Pause and Result	START	1632105793944
USER	Get A Random Pause and Result	START	1632105793962
USER	Get A Random Pause and Result	START	1632105793972
USER	Get A Random Pause and Result	END	1632105793986
USER	Get A Random Pause and Result	START	1632105793986
USER	Get A Random Pause and Result	START	1632105794005
USER	Get A Random Pause and Result	START	1632105794016
USER	Get A Random Pause and Result	START	1632105794030
USER	Get A Random Pause and Result	START	1632105794046
USER	Get A Random Pause and Result	START	1632105794059
REQUEST		Get a random result	1632105792646	1632105794062	OK	 
USER	Get A Random Pause and Result	END	1632105794065
USER	Get A Random Pause and Result	END	1632105794069
USER	Get A Random Pause and Result	START	1632105794074
USER	Get A Random Pause and Result	END	1632105794087
USER	Get A Random Pause and Result	START	1632105794086
USER	Get A Random Pause and Result	START	1632105794105
USER	Get A Random Pause and Result	END	1632105794114
USER	Get A Random Pause and Result	START	1632105794115
USER	Get A Random Pause and Result	START	1632105794134
REQUEST		Get a random result	1632105792686	1632105794140	OK	 
USER	Get A Random Pause and Result	START	1632105794146
USER	Get A Random Pause and Result	START	1632105794158
USER	Get A Random Pause and Result	END	1632105794159
USER	Get A Random Pause and Result	START	1632105794174
REQUEST		Get a random result	1632105792625	1632105794175	OK	 
USER	Get A Random Pause and Result	START	1632105794187
REQUEST		Get a random result	1632105792668	1632105794196	OK	 
USER	Get A Random Pause and Result	START	1632105794205
USER	Get A Random Pause and Result	START	1632105794216
REQUEST		Get a random result	1632105792608	1632105794224	OK	 
USER	Get A Random Pause and Result	START	1632105794231
USER	Get A Random Pause and Result	START	1632105794243
USER	Get A Random Pause and Result	START	1632105794263
USER	Get A Random Pause and Result	START	1632105794274
USER	Get A Random Pause and Result	START	1632105794286
REQUEST		Get a random result	1632105792544	1632105794293	OK	 
REQUEST		Get a random result	1632105792565	1632105794299	OK	 
USER	Get A Random Pause and Result	START	1632105794303
USER	Get A Random Pause and Result	END	1632105794314
USER	Get A Random Pause and Result	START	1632105794318
USER	Get A Random Pause and Result	START	1632105794332
USER	Get A Random Pause and Result	START	1632105794348
USER	Get A Random Pause and Result	START	1632105794357
USER	Get A Random Pause and Result	START	1632105794365
USER	Get A Random Pause and Result	START	1632105794378
USER	Get A Random Pause and Result	START	1632105794390
USER	Get A Random Pause and Result	END	1632105794391
REQUEST		Get a random result	1632105792583	1632105794402	OK	 
USER	Get A Random Pause and Result	START	1632105794401
USER	Get A Random Pause and Result	START	1632105794407
USER	Get A Random Pause and Result	START	1632105794420
USER	Get A Random Pause and Result	END	1632105794430
USER	Get A Random Pause and Result	START	1632105794430
USER	Get A Random Pause and Result	START	1632105794443
USER	Get A Random Pause and Result	END	1632105794450
USER	Get A Random Pause and Result	START	1632105794457
USER	Get A Random Pause and Result	START	1632105794466
USER	Get A Random Pause and Result	END	1632105794478
USER	Get A Random Pause and Result	START	1632105794478
USER	Get A Random Pause and Result	START	1632105794487
USER	Get A Random Pause and Result	START	1632105794499
USER	Get A Random Pause and Result	START	1632105794509
REQUEST		Get a random result	1632105792808	1632105794518	OK	 
USER	Get A Random Pause and Result	START	1632105794523
USER	Get A Random Pause and Result	START	1632105794531
REQUEST		Get a random result	1632105792766	1632105794538	OK	 
USER	Get A Random Pause and Result	START	1632105794544
USER	Get A Random Pause and Result	END	1632105794545
USER	Get A Random Pause and Result	END	1632105794552
USER	Get A Random Pause and Result	START	1632105794553
USER	Get A Random Pause and Result	START	1632105794566
USER	Get A Random Pause and Result	START	1632105794576
REQUEST		Get a random result	1632105792848	1632105794577	OK	 
USER	Get A Random Pause and Result	START	1632105794587
USER	Get A Random Pause and Result	START	1632105794598
USER	Get A Random Pause and Result	START	1632105794610
USER	Get A Random Pause and Result	START	1632105794623
REQUEST		Get a random result	1632105792829	1632105794629	OK	 
USER	Get A Random Pause and Result	START	1632105794633
USER	Get A Random Pause and Result	START	1632105794645
REQUEST		Get a random result	1632105792787	1632105794648	OK	 
REQUEST		Get a random result	1632105792725	1632105794651	OK	 
USER	Get A Random Pause and Result	END	1632105794658
USER	Get A Random Pause and Result	START	1632105794658
USER	Get A Random Pause and Result	START	1632105794668
USER	Get A Random Pause and Result	START	1632105794680
USER	Get A Random Pause and Result	START	1632105794688
REQUEST		Get a random result	1632105792708	1632105794692	OK	 
USER	Get A Random Pause and Result	START	1632105794699
USER	Get A Random Pause and Result	START	1632105794709
REQUEST		Get a random result	1632105792746	1632105794719	OK	 
USER	Get A Random Pause and Result	START	1632105794724
USER	Get A Random Pause and Result	START	1632105794731
USER	Get A Random Pause and Result	START	1632105794746
USER	Get A Random Pause and Result	START	1632105794757
USER	Get A Random Pause and Result	START	1632105794766
USER	Get A Random Pause and Result	END	1632105794774
USER	Get A Random Pause and Result	START	1632105794776
USER	Get A Random Pause and Result	END	1632105794790
USER	Get A Random Pause and Result	START	1632105794790
USER	Get A Random Pause and Result	START	1632105794801
USER	Get A Random Pause and Result	START	1632105794811
USER	Get A Random Pause and Result	START	1632105794824
USER	Get A Random Pause and Result	END	1632105794831
USER	Get A Random Pause and Result	START	1632105794831
USER	Get A Random Pause and Result	START	1632105794846
USER	Get A Random Pause and Result	START	1632105794857
USER	Get A Random Pause and Result	START	1632105794866
USER	Get A Random Pause and Result	START	1632105794879
USER	Get A Random Pause and Result	END	1632105794881
USER	Get A Random Pause and Result	START	1632105794890
REQUEST		Get a random result	1632105793009	1632105794892	OK	 
USER	Get A Random Pause and Result	START	1632105794899
USER	Get A Random Pause and Result	END	1632105794901
USER	Get A Random Pause and Result	END	1632105794907
USER	Get A Random Pause and Result	START	1632105794913
USER	Get A Random Pause and Result	START	1632105794924
REQUEST		Get a random result	1632105792968	1632105794932	OK	 
USER	Get A Random Pause and Result	START	1632105794931
REQUEST		Get a random result	1632105792927	1632105794940	OK	 
USER	Get A Random Pause and Result	END	1632105794945
USER	Get A Random Pause and Result	START	1632105794945
USER	Get A Random Pause and Result	START	1632105794955
USER	Get A Random Pause and Result	START	1632105794967
USER	Get A Random Pause and Result	END	1632105794976
USER	Get A Random Pause and Result	START	1632105794977
REQUEST		Get a random result	1632105792946	1632105794982	OK	 
USER	Get A Random Pause and Result	START	1632105794989
REQUEST		Get a random result	1632105792869	1632105794999	OK	 
REQUEST		Get a random result	1632105792986	1632105794999	OK	 
USER	Get A Random Pause and Result	START	1632105795001
USER	Get A Random Pause and Result	START	1632105795009
USER	Get A Random Pause and Result	START	1632105795023
USER	Get A Random Pause and Result	START	1632105795036
USER	Get A Random Pause and Result	START	1632105795046
USER	Get A Random Pause and Result	START	1632105795057
USER	Get A Random Pause and Result	START	1632105795066
REQUEST		Get a random result	1632105792885	1632105795071	OK	 
USER	Get A Random Pause and Result	START	1632105795077
USER	Get A Random Pause and Result	START	1632105795088
USER	Get A Random Pause and Result	START	1632105795098
USER	Get A Random Pause and Result	START	1632105795113
REQUEST		Get a random result	1632105792907	1632105795117	OK	 
USER	Get A Random Pause and Result	START	1632105795123
USER	Get A Random Pause and Result	START	1632105795135
USER	Get A Random Pause and Result	END	1632105795146
USER	Get A Random Pause and Result	START	1632105795146
USER	Get A Random Pause and Result	START	1632105795155
USER	Get A Random Pause and Result	START	1632105795167
USER	Get A Random Pause and Result	START	1632105795179
USER	Get A Random Pause and Result	END	1632105795186
USER	Get A Random Pause and Result	START	1632105795190
USER	Get A Random Pause and Result	END	1632105795192
USER	Get A Random Pause and Result	START	1632105795202
USER	Get A Random Pause and Result	START	1632105795211
USER	Get A Random Pause and Result	START	1632105795223
REQUEST		Get a random result	1632105793166	1632105795229	OK	 
USER	Get A Random Pause and Result	START	1632105795235
USER	Get A Random Pause and Result	END	1632105795237
USER	Get A Random Pause and Result	START	1632105795246
USER	Get A Random Pause and Result	END	1632105795252
USER	Get A Random Pause and Result	END	1632105795252
USER	Get A Random Pause and Result	START	1632105795255
USER	Get A Random Pause and Result	START	1632105795270
USER	Get A Random Pause and Result	START	1632105795279
USER	Get A Random Pause and Result	START	1632105795291
USER	Get A Random Pause and Result	START	1632105795299
USER	Get A Random Pause and Result	START	1632105795316
USER	Get A Random Pause and Result	START	1632105795323
USER	Get A Random Pause and Result	END	1632105795327
REQUEST		Get a random result	1632105793126	1632105795332	OK	 
USER	Get A Random Pause and Result	START	1632105795336
USER	Get A Random Pause and Result	END	1632105795370
REQUEST		Get a random result	1632105793146	1632105795377	OK	 
REQUEST		Get a random result	1632105793088	1632105795384	OK	 
REQUEST		Get a random result	1632105793047	1632105795385	OK	 
REQUEST		Get a random result	1632105793024	1632105795395	OK	 
REQUEST		Get a random result	1632105793108	1632105795406	OK	 
REQUEST		Get a random result	1632105793068	1632105795477	OK	 
USER	Get A Random Pause and Result	END	1632105795481
USER	Get A Random Pause and Result	END	1632105795585
REQUEST		Get a random result	1632105793327	1632105795609	OK	 
USER	Get A Random Pause and Result	END	1632105795629
USER	Get A Random Pause and Result	END	1632105795636
USER	Get A Random Pause and Result	END	1632105795638
USER	Get A Random Pause and Result	END	1632105795647
USER	Get A Random Pause and Result	END	1632105795660
REQUEST		Get a random result	1632105793187	1632105795700	OK	 
USER	Get A Random Pause and Result	END	1632105795728
REQUEST		Get a random result	1632105793308	1632105795755	OK	 
REQUEST		Get a random result	1632105793285	1632105795755	OK	 
REQUEST		Get a random result	1632105793229	1632105795808	OK	 
REQUEST		Get a random result	1632105793269	1632105795842	OK	 
USER	Get A Random Pause and Result	END	1632105795865
REQUEST		Get a random result	1632105793245	1632105795877	OK	 
REQUEST		Get a random result	1632105793208	1632105795877	OK	 
USER	Get A Random Pause and Result	END	1632105795953
USER	Get A Random Pause and Result	END	1632105796009
USER	Get A Random Pause and Result	END	1632105796009
REQUEST		Get a random result	1632105793442	1632105796037	OK	 
REQUEST		Get a random result	1632105793346	1632105796058	OK	 
USER	Get A Random Pause and Result	END	1632105796058
USER	Get A Random Pause and Result	END	1632105796095
USER	Get A Random Pause and Result	END	1632105796131
USER	Get A Random Pause and Result	END	1632105796131
REQUEST		Get a random result	1632105793415	1632105796167	OK	 
REQUEST		Get a random result	1632105793370	1632105796218	OK	 
REQUEST		Get a random result	1632105793403	1632105796237	OK	 
REQUEST		Get a random result	1632105793429	1632105796254	OK	 
USER	Get A Random Pause and Result	END	1632105796289
REQUEST		Get a random result	1632105793385	1632105796289	OK	 
USER	Get A Random Pause and Result	END	1632105796312
REQUEST		Get a random result	1632105793562	1632105796352	OK	 
REQUEST		Get a random result	1632105793458	1632105796372	OK	 
REQUEST		Get a random result	1632105793362	1632105796375	OK	 
USER	Get A Random Pause and Result	END	1632105796418
USER	Get A Random Pause and Result	END	1632105796473
USER	Get A Random Pause and Result	END	1632105796492
USER	Get A Random Pause and Result	END	1632105796508
USER	Get A Random Pause and Result	END	1632105796541
REQUEST		Get a random result	1632105793531	1632105796541	OK	 
USER	Get A Random Pause and Result	END	1632105796607
REQUEST		Get a random result	1632105793500	1632105796618	OK	 
USER	Get A Random Pause and Result	END	1632105796624
USER	Get A Random Pause and Result	END	1632105796629
REQUEST		Get a random result	1632105793544	1632105796666	OK	 
REQUEST		Get a random result	1632105793519	1632105796685	OK	 
REQUEST		Get a random result	1632105793574	1632105796695	OK	 
REQUEST		Get a random result	1632105793485	1632105796701	OK	 
USER	Get A Random Pause and Result	END	1632105796793
REQUEST		Get a random result	1632105793674	1632105796794	OK	 
REQUEST		Get a random result	1632105793474	1632105796799	OK	 
USER	Get A Random Pause and Result	END	1632105796870
USER	Get A Random Pause and Result	END	1632105796918
USER	Get A Random Pause and Result	END	1632105796938
USER	Get A Random Pause and Result	END	1632105796948
USER	Get A Random Pause and Result	END	1632105796957
REQUEST		Get a random result	1632105793647	1632105796958	OK	 
REQUEST		Get a random result	1632105793686	1632105797024	OK	 
REQUEST		Get a random result	1632105793615	1632105797024	OK	 
REQUEST		Get a random result	1632105793659	1632105797039	OK	 
USER	Get A Random Pause and Result	END	1632105797047
REQUEST		Get a random result	1632105793632	1632105797050	OK	 
USER	Get A Random Pause and Result	END	1632105797050
REQUEST		Get a random result	1632105793600	1632105797068	OK	 
REQUEST		Get a random result	1632105793589	1632105797115	OK	 
REQUEST		Get a random result	1632105793786	1632105797200	OK	 
USER	Get A Random Pause and Result	END	1632105797211
USER	Get A Random Pause and Result	END	1632105797277
USER	Get A Random Pause and Result	END	1632105797277
USER	Get A Random Pause and Result	END	1632105797292
USER	Get A Random Pause and Result	END	1632105797304
USER	Get A Random Pause and Result	END	1632105797324
USER	Get A Random Pause and Result	END	1632105797366
REQUEST		Get a random result	1632105793746	1632105797380	OK	 
REQUEST		Get a random result	1632105793730	1632105797398	OK	 
REQUEST		Get a random result	1632105793760	1632105797399	OK	 
USER	Get A Random Pause and Result	END	1632105797455
REQUEST		Get a random result	1632105793716	1632105797458	OK	 
REQUEST		Get a random result	1632105793803	1632105797524	OK	 
REQUEST		Get a random result	1632105793775	1632105797533	OK	 
REQUEST		Get a random result	1632105793705	1632105797538	OK	 
USER	Get A Random Pause and Result	END	1632105797635
USER	Get A Random Pause and Result	END	1632105797652
USER	Get A Random Pause and Result	END	1632105797652
REQUEST		Get a random result	1632105793903	1632105797674	OK	 
REQUEST		Get a random result	1632105793859	1632105797696	OK	 
REQUEST		Get a random result	1632105793845	1632105797701	OK	 
USER	Get A Random Pause and Result	END	1632105797710
USER	Get A Random Pause and Result	END	1632105797780
USER	Get A Random Pause and Result	END	1632105797786
USER	Get A Random Pause and Result	END	1632105797792
REQUEST		Get a random result	1632105793873	1632105797850	OK	 
REQUEST		Get a random result	1632105793887	1632105797863	OK	 
REQUEST		Get a random result	1632105793833	1632105797924	OK	 
USER	Get A Random Pause and Result	END	1632105797927
USER	Get A Random Pause and Result	END	1632105797952
USER	Get A Random Pause and Result	END	1632105797954
REQUEST		Get a random result	1632105793917	1632105797966	OK	 
REQUEST		Get a random result	1632105794016	1632105798017	OK	 
REQUEST		Get a random result	1632105793817	1632105798037	OK	 
REQUEST		Get a random result	1632105793963	1632105798099	OK	 
USER	Get A Random Pause and Result	END	1632105798105
USER	Get A Random Pause and Result	END	1632105798118
REQUEST		Get a random result	1632105793972	1632105798152	OK	 
USER	Get A Random Pause and Result	END	1632105798180
REQUEST		Get a random result	1632105794005	1632105798212	OK	 
USER	Get A Random Pause and Result	END	1632105798221
USER	Get A Random Pause and Result	END	1632105798270
USER	Get A Random Pause and Result	END	1632105798293
REQUEST		Get a random result	1632105793986	1632105798326	OK	 
REQUEST		Get a random result	1632105794030	1632105798344	OK	 
REQUEST		Get a random result	1632105794135	1632105798349	OK	 
USER	Get A Random Pause and Result	END	1632105798353
USER	Get A Random Pause and Result	END	1632105798407
REQUEST		Get a random result	1632105793944	1632105798411	OK	 
REQUEST		Get a random result	1632105793930	1632105798452	OK	 
USER	Get A Random Pause and Result	END	1632105798464
REQUEST		Get a random result	1632105794074	1632105798488	OK	 
REQUEST		Get a random result	1632105794087	1632105798495	OK	 
USER	Get A Random Pause and Result	END	1632105798580
USER	Get A Random Pause and Result	END	1632105798597
USER	Get A Random Pause and Result	END	1632105798604
REQUEST		Get a random result	1632105794106	1632105798648	OK	 
USER	Get A Random Pause and Result	END	1632105798662
REQUEST		Get a random result	1632105794116	1632105798695	OK	 
REQUEST		Get a random result	1632105794146	1632105798695	OK	 
USER	Get A Random Pause and Result	END	1632105798706
REQUEST		Get a random result	1632105794243	1632105798724	OK	 
USER	Get A Random Pause and Result	END	1632105798740
USER	Get A Random Pause and Result	END	1632105798746
REQUEST		Get a random result	1632105794047	1632105798786	OK	 
REQUEST		Get a random result	1632105794059	1632105798794	OK	 
REQUEST		Get a random result	1632105794187	1632105798874	OK	 
USER	Get A Random Pause and Result	END	1632105798901
USER	Get A Random Pause and Result	END	1632105798949
USER	Get A Random Pause and Result	END	1632105798949
REQUEST		Get a random result	1632105794205	1632105798954	OK	 
USER	Get A Random Pause and Result	END	1632105798980
REQUEST		Get a random result	1632105794216	1632105799024	OK	 
USER	Get A Random Pause and Result	END	1632105799037
USER	Get A Random Pause and Result	END	1632105799045
REQUEST		Get a random result	1632105794263	1632105799066	OK	 
USER	Get A Random Pause and Result	END	1632105799128
REQUEST		Get a random result	1632105794174	1632105799140	OK	 
REQUEST		Get a random result	1632105794232	1632105799175	OK	 
REQUEST		Get a random result	1632105794357	1632105799185	OK	 
USER	Get A Random Pause and Result	END	1632105799208
REQUEST		Get a random result	1632105794303	1632105799218	OK	 
REQUEST		Get a random result	1632105794158	1632105799238	OK	 
USER	Get A Random Pause and Result	END	1632105799276
USER	Get A Random Pause and Result	END	1632105799320
USER	Get A Random Pause and Result	END	1632105799394
REQUEST		Get a random result	1632105794318	1632105799403	OK	 
REQUEST		Get a random result	1632105794365	1632105799414	OK	 
USER	Get A Random Pause and Result	END	1632105799429
USER	Get A Random Pause and Result	END	1632105799436
USER	Get A Random Pause and Result	END	1632105799473
REQUEST		Get a random result	1632105794332	1632105799483	OK	 
USER	Get A Random Pause and Result	END	1632105799494
REQUEST		Get a random result	1632105794443	1632105799510	OK	 
REQUEST		Get a random result	1632105794286	1632105799558	OK	 
REQUEST		Get a random result	1632105794402	1632105799589	OK	 
USER	Get A Random Pause and Result	END	1632105799657
REQUEST		Get a random result	1632105794275	1632105799657	OK	 
REQUEST		Get a random result	1632105794349	1632105799661	OK	 
USER	Get A Random Pause and Result	END	1632105799667
USER	Get A Random Pause and Result	END	1632105799735
USER	Get A Random Pause and Result	END	1632105799761
REQUEST		Get a random result	1632105794457	1632105799809	OK	 
USER	Get A Random Pause and Result	END	1632105799812
USER	Get A Random Pause and Result	END	1632105799840
REQUEST		Get a random result	1632105794408	1632105799861	OK	 
USER	Get A Random Pause and Result	END	1632105799912
USER	Get A Random Pause and Result	END	1632105799916
REQUEST		Get a random result	1632105794531	1632105799919	OK	 
REQUEST		Get a random result	1632105794420	1632105799934	OK	 
REQUEST		Get a random result	1632105794390	1632105800018	OK	 
USER	Get A Random Pause and Result	END	1632105800060
REQUEST		Get a random result	1632105794487	1632105800068	OK	 
USER	Get A Random Pause and Result	END	1632105800115
REQUEST		Get a random result	1632105794378	1632105800152	OK	 
REQUEST		Get a random result	1632105794431	1632105800163	OK	 
USER	Get A Random Pause and Result	END	1632105800174
USER	Get A Random Pause and Result	END	1632105800185
REQUEST		Get a random result	1632105794544	1632105800237	OK	 
USER	Get A Random Pause and Result	END	1632105800274
REQUEST		Get a random result	1632105794499	1632105800295	OK	 
USER	Get A Random Pause and Result	END	1632105800323
REQUEST		Get a random result	1632105794624	1632105800342	OK	 
REQUEST		Get a random result	1632105794479	1632105800351	OK	 
REQUEST		Get a random result	1632105794577	1632105800374	OK	 
REQUEST		Get a random result	1632105794509	1632105800381	OK	 
USER	Get A Random Pause and Result	END	1632105800407
USER	Get A Random Pause and Result	END	1632105800415
REQUEST		Get a random result	1632105794524	1632105800486	OK	 
USER	Get A Random Pause and Result	END	1632105800488
USER	Get A Random Pause and Result	END	1632105800548
REQUEST		Get a random result	1632105794634	1632105800568	OK	 
USER	Get A Random Pause and Result	END	1632105800596
USER	Get A Random Pause and Result	END	1632105800607
USER	Get A Random Pause and Result	END	1632105800625
USER	Get A Random Pause and Result	END	1632105800634
REQUEST		Get a random result	1632105794467	1632105800652	OK	 
REQUEST		Get a random result	1632105794709	1632105800685	OK	 
REQUEST		Get a random result	1632105794566	1632105800700	OK	 
USER	Get A Random Pause and Result	END	1632105800737
REQUEST		Get a random result	1632105794588	1632105800776	OK	 
USER	Get A Random Pause and Result	END	1632105800819
REQUEST		Get a random result	1632105794669	1632105800834	OK	 
REQUEST		Get a random result	1632105794599	1632105800869	OK	 
USER	Get A Random Pause and Result	END	1632105800907
REQUEST		Get a random result	1632105794611	1632105800915	OK	 
USER	Get A Random Pause and Result	END	1632105800938
USER	Get A Random Pause and Result	END	1632105800957
REQUEST		Get a random result	1632105794724	1632105800973	OK	 
REQUEST		Get a random result	1632105794553	1632105800973	OK	 
REQUEST		Get a random result	1632105794801	1632105800992	OK	 
USER	Get A Random Pause and Result	END	1632105801031
USER	Get A Random Pause and Result	END	1632105801090
USER	Get A Random Pause and Result	END	1632105801124
REQUEST		Get a random result	1632105794658	1632105801136	OK	 
REQUEST		Get a random result	1632105794681	1632105801136	OK	 
USER	Get A Random Pause and Result	END	1632105801170
REQUEST		Get a random result	1632105794758	1632105801185	OK	 
REQUEST		Get a random result	1632105794699	1632105801225	OK	 
USER	Get A Random Pause and Result	END	1632105801228
USER	Get A Random Pause and Result	END	1632105801228
USER	Get A Random Pause and Result	END	1632105801245
REQUEST		Get a random result	1632105794688	1632105801301	OK	 
USER	Get A Random Pause and Result	END	1632105801391
USER	Get A Random Pause and Result	END	1632105801391
REQUEST		Get a random result	1632105794645	1632105801394	OK	 
REQUEST		Get a random result	1632105794946	1632105801399	OK	 
USER	Get A Random Pause and Result	END	1632105801437
REQUEST		Get a random result	1632105794811	1632105801467	OK	 
USER	Get A Random Pause and Result	END	1632105801481
REQUEST		Get a random result	1632105794747	1632105801492	OK	 
REQUEST		Get a random result	1632105794924	1632105801501	OK	 
REQUEST		Get a random result	1632105794766	1632105801532	OK	 
USER	Get A Random Pause and Result	END	1632105801557
REQUEST		Get a random result	1632105794790	1632105801561	OK	 
USER	Get A Random Pause and Result	END	1632105801645
USER	Get A Random Pause and Result	END	1632105801651
REQUEST		Get a random result	1632105794731	1632105801699	OK	 
USER	Get A Random Pause and Result	END	1632105801719
USER	Get A Random Pause and Result	END	1632105801748
USER	Get A Random Pause and Result	END	1632105801754
USER	Get A Random Pause and Result	END	1632105801783
REQUEST		Get a random result	1632105794776	1632105801786	OK	 
USER	Get A Random Pause and Result	END	1632105801814
REQUEST		Get a random result	1632105795113	1632105801814	OK	 
REQUEST		Get a random result	1632105794846	1632105801821	OK	 
REQUEST		Get a random result	1632105794913	1632105801879	OK	 
REQUEST		Get a random result	1632105795246	1632105801885	OK	 
REQUEST		Get a random result	1632105794832	1632105801895	OK	 
REQUEST		Get a random result	1632105794824	1632105801902	OK	 
USER	Get A Random Pause and Result	END	1632105801952
USER	Get A Random Pause and Result	END	1632105802037
USER	Get A Random Pause and Result	END	1632105802069
USER	Get A Random Pause and Result	END	1632105802076
REQUEST		Get a random result	1632105794900	1632105802093	OK	 
USER	Get A Random Pause and Result	END	1632105802134
USER	Get A Random Pause and Result	END	1632105802141
USER	Get A Random Pause and Result	END	1632105802146
REQUEST		Get a random result	1632105795135	1632105802146	OK	 
USER	Get A Random Pause and Result	END	1632105802157
REQUEST		Get a random result	1632105794932	1632105802219	OK	 
REQUEST		Get a random result	1632105794891	1632105802219	OK	 
REQUEST		Get a random result	1632105795057	1632105802234	OK	 
REQUEST		Get a random result	1632105795124	1632105802285	OK	 
REQUEST		Get a random result	1632105795280	1632105802286	OK	 
REQUEST		Get a random result	1632105795236	1632105802308	OK	 
USER	Get A Random Pause and Result	END	1632105802345
USER	Get A Random Pause and Result	END	1632105802397
USER	Get A Random Pause and Result	END	1632105802474
USER	Get A Random Pause and Result	END	1632105802474
USER	Get A Random Pause and Result	END	1632105802486
REQUEST		Get a random result	1632105795001	1632105802494	OK	 
USER	Get A Random Pause and Result	END	1632105802537
USER	Get A Random Pause and Result	END	1632105802537
REQUEST		Get a random result	1632105795179	1632105802541	OK	 
USER	Get A Random Pause and Result	END	1632105802560
REQUEST		Get a random result	1632105795009	1632105802602	OK	 
REQUEST		Get a random result	1632105795292	1632105802649	OK	 
REQUEST		Get a random result	1632105794880	1632105802649	OK	 
REQUEST		Get a random result	1632105795316	1632105802674	OK	 
REQUEST		Get a random result	1632105795156	1632105802695	OK	 
USER	Get A Random Pause and Result	END	1632105802748
REQUEST		Get a random result	1632105795047	1632105802764	OK	 
USER	Get A Random Pause and Result	END	1632105802795
USER	Get A Random Pause and Result	END	1632105802857
REQUEST		Get a random result	1632105795271	1632105802858	OK	 
USER	Get A Random Pause and Result	END	1632105802900
USER	Get A Random Pause and Result	END	1632105802900
USER	Get A Random Pause and Result	END	1632105802926
USER	Get A Random Pause and Result	END	1632105802949
REQUEST		Get a random result	1632105794956	1632105803000	OK	 
REQUEST		Get a random result	1632105794858	1632105803008	OK	 
USER	Get A Random Pause and Result	END	1632105803016
REQUEST		Get a random result	1632105795168	1632105803028	OK	 
REQUEST		Get a random result	1632105795336	1632105803032	OK	 
REQUEST		Get a random result	1632105794977	1632105803107	OK	 
USER	Get A Random Pause and Result	END	1632105803109
REQUEST		Get a random result	1632105794866	1632105803142	OK	 
REQUEST		Get a random result	1632105795211	1632105803158	OK	 
USER	Get A Random Pause and Result	END	1632105803253
USER	Get A Random Pause and Result	END	1632105803259
USER	Get A Random Pause and Result	END	1632105803279
USER	Get A Random Pause and Result	END	1632105803286
REQUEST		Get a random result	1632105795203	1632105803330	OK	 
REQUEST		Get a random result	1632105795299	1632105803335	OK	 
USER	Get A Random Pause and Result	END	1632105803362
REQUEST		Get a random result	1632105795324	1632105803369	OK	 
REQUEST		Get a random result	1632105794990	1632105803379	OK	 
REQUEST		Get a random result	1632105794967	1632105803379	OK	 
USER	Get A Random Pause and Result	END	1632105803394
USER	Get A Random Pause and Result	END	1632105803412
REQUEST		Get a random result	1632105795147	1632105803428	OK	 
REQUEST		Get a random result	1632105795067	1632105803564	OK	 
USER	Get A Random Pause and Result	END	1632105803585
USER	Get A Random Pause and Result	END	1632105803586
REQUEST		Get a random result	1632105795224	1632105803586	OK	 
USER	Get A Random Pause and Result	END	1632105803624
USER	Get A Random Pause and Result	END	1632105803631
USER	Get A Random Pause and Result	END	1632105803634
USER	Get A Random Pause and Result	END	1632105803679
REQUEST		Get a random result	1632105795036	1632105803737	OK	 
REQUEST		Get a random result	1632105795190	1632105803748	OK	 
REQUEST		Get a random result	1632105795099	1632105803754	OK	 
USER	Get A Random Pause and Result	END	1632105803819
REQUEST		Get a random result	1632105795255	1632105803829	OK	 
USER	Get A Random Pause and Result	END	1632105803841
REQUEST		Get a random result	1632105795077	1632105803910	OK	 
USER	Get A Random Pause and Result	END	1632105803991
USER	Get A Random Pause and Result	END	1632105804002
USER	Get A Random Pause and Result	END	1632105804008
USER	Get A Random Pause and Result	END	1632105804084
USER	Get A Random Pause and Result	END	1632105804166
REQUEST		Get a random result	1632105795024	1632105804190	OK	 
REQUEST		Get a random result	1632105795088	1632105804241	OK	 
USER	Get A Random Pause and Result	END	1632105804444
USER	Get A Random Pause and Result	END	1632105804494
