RUN	MySimulation	mysimulation	1632107132350	 	3.6.1
USER	Get A Random Pause and Result	START	1632107133734
USER	Get A Random Pause and Result	START	1632107133820
USER	Get A Random Pause and Result	START	1632107133921
USER	Get A Random Pause and Result	START	1632107134020
USER	Get A Random Pause and Result	START	1632107134125
USER	Get A Random Pause and Result	START	1632107134225
REQUEST		Get a random result	1632107133820	1632107134238	OK	 
REQUEST		Get a random result	1632107133771	1632107134241	OK	 
USER	Get A Random Pause and Result	START	1632107134322
REQUEST		Get a random result	1632107133921	1632107134364	OK	 
USER	Get A Random Pause and Result	START	1632107134425
REQUEST		Get a random result	1632107134020	1632107134476	OK	 
USER	Get A Random Pause and Result	END	1632107134509
USER	Get A Random Pause and Result	END	1632107134509
USER	Get A Random Pause and Result	START	1632107134525
REQUEST		Get a random result	1632107134225	1632107134568	OK	 
REQUEST		Get a random result	1632107134126	1632107134609	OK	 
USER	Get A Random Pause and Result	END	1632107134620
USER	Get A Random Pause and Result	START	1632107134624
USER	Get A Random Pause and Result	START	1632107134726
USER	Get A Random Pause and Result	END	1632107134730
USER	Get A Random Pause and Result	START	1632107134757
REQUEST		Get a random result	1632107134322	1632107134786	OK	 
USER	Get A Random Pause and Result	START	1632107134791
USER	Get A Random Pause and Result	END	1632107134821
USER	Get A Random Pause and Result	START	1632107134825
USER	Get A Random Pause and Result	START	1632107134857
USER	Get A Random Pause and Result	END	1632107134864
REQUEST		Get a random result	1632107134526	1632107134877	OK	 
USER	Get A Random Pause and Result	START	1632107134890
REQUEST		Get a random result	1632107134426	1632107134918	OK	 
USER	Get A Random Pause and Result	START	1632107134927
USER	Get A Random Pause and Result	START	1632107134958
USER	Get A Random Pause and Result	START	1632107134992
USER	Get A Random Pause and Result	START	1632107135023
USER	Get A Random Pause and Result	END	1632107135040
USER	Get A Random Pause and Result	START	1632107135056
REQUEST		Get a random result	1632107134624	1632107135064	OK	 
USER	Get A Random Pause and Result	START	1632107135090
USER	Get A Random Pause and Result	START	1632107135124
USER	Get A Random Pause and Result	END	1632107135128
USER	Get A Random Pause and Result	START	1632107135158
REQUEST		Get a random result	1632107134792	1632107135168	OK	 
USER	Get A Random Pause and Result	END	1632107135173
USER	Get A Random Pause and Result	START	1632107135190
REQUEST		Get a random result	1632107134758	1632107135201	OK	 
REQUEST		Get a random result	1632107134826	1632107135201	OK	 
REQUEST		Get a random result	1632107134726	1632107135223	OK	 
USER	Get A Random Pause and Result	START	1632107135227
REQUEST		Get a random result	1632107134857	1632107135248	OK	 
USER	Get A Random Pause and Result	START	1632107135259
REQUEST		Get a random result	1632107134890	1632107135276	OK	 
USER	Get A Random Pause and Result	START	1632107135295
USER	Get A Random Pause and Result	END	1632107135317
USER	Get A Random Pause and Result	START	1632107135329
REQUEST		Get a random result	1632107134928	1632107135344	OK	 
REQUEST		Get a random result	1632107134992	1632107135344	OK	 
USER	Get A Random Pause and Result	START	1632107135359
REQUEST		Get a random result	1632107134958	1632107135360	OK	 
REQUEST		Get a random result	1632107135024	1632107135363	OK	 
USER	Get A Random Pause and Result	START	1632107135394
USER	Get A Random Pause and Result	END	1632107135423
USER	Get A Random Pause and Result	START	1632107135425
USER	Get A Random Pause and Result	END	1632107135457
USER	Get A Random Pause and Result	END	1632107135457
USER	Get A Random Pause and Result	START	1632107135457
REQUEST		Get a random result	1632107135057	1632107135465	OK	 
REQUEST		Get a random result	1632107135125	1632107135476	OK	 
USER	Get A Random Pause and Result	END	1632107135477
REQUEST		Get a random result	1632107135090	1632107135486	OK	 
USER	Get A Random Pause and Result	START	1632107135495
USER	Get A Random Pause and Result	END	1632107135503
USER	Get A Random Pause and Result	START	1632107135526
USER	Get A Random Pause and Result	END	1632107135529
REQUEST		Get a random result	1632107135159	1632107135555	OK	 
USER	Get A Random Pause and Result	START	1632107135561
USER	Get A Random Pause and Result	START	1632107135594
USER	Get A Random Pause and Result	END	1632107135598
USER	Get A Random Pause and Result	END	1632107135599
USER	Get A Random Pause and Result	END	1632107135613
REQUEST		Get a random result	1632107135228	1632107135618	OK	 
USER	Get A Random Pause and Result	END	1632107135619
USER	Get A Random Pause and Result	START	1632107135625
REQUEST		Get a random result	1632107135260	1632107135631	OK	 
REQUEST		Get a random result	1632107135191	1632107135658	OK	 
USER	Get A Random Pause and Result	START	1632107135659
USER	Get A Random Pause and Result	START	1632107135693
REQUEST		Get a random result	1632107135329	1632107135716	OK	 
USER	Get A Random Pause and Result	END	1632107135717
USER	Get A Random Pause and Result	START	1632107135727
USER	Get A Random Pause and Result	END	1632107135732
USER	Get A Random Pause and Result	START	1632107135732
USER	Get A Random Pause and Result	END	1632107135741
REQUEST		Get a random result	1632107135425	1632107135744	OK	 
USER	Get A Random Pause and Result	START	1632107135757
REQUEST		Get a random result	1632107135458	1632107135765	OK	 
USER	Get A Random Pause and Result	START	1632107135776
USER	Get A Random Pause and Result	START	1632107135793
REQUEST		Get a random result	1632107135296	1632107135800	OK	 
USER	Get A Random Pause and Result	END	1632107135807
USER	Get A Random Pause and Result	START	1632107135816
USER	Get A Random Pause and Result	START	1632107135834
REQUEST		Get a random result	1632107135496	1632107135848	OK	 
USER	Get A Random Pause and Result	START	1632107135857
REQUEST		Get a random result	1632107135394	1632107135859	OK	 
REQUEST		Get a random result	1632107135360	1632107135860	OK	 
USER	Get A Random Pause and Result	END	1632107135874
REQUEST		Get a random result	1632107135527	1632107135875	OK	 
USER	Get A Random Pause and Result	START	1632107135874
USER	Get A Random Pause and Result	END	1632107135887
USER	Get A Random Pause and Result	START	1632107135898
USER	Get A Random Pause and Result	END	1632107135914
USER	Get A Random Pause and Result	START	1632107135917
USER	Get A Random Pause and Result	START	1632107135934
REQUEST		Get a random result	1632107135625	1632107135942	OK	 
USER	Get A Random Pause and Result	START	1632107135957
USER	Get A Random Pause and Result	END	1632107135967
REQUEST		Get a random result	1632107135562	1632107135974	OK	 
USER	Get A Random Pause and Result	START	1632107135978
USER	Get A Random Pause and Result	START	1632107135994
USER	Get A Random Pause and Result	END	1632107135995
REQUEST		Get a random result	1632107135594	1632107136002	OK	 
USER	Get A Random Pause and Result	START	1632107136014
USER	Get A Random Pause and Result	END	1632107136021
USER	Get A Random Pause and Result	START	1632107136037
USER	Get A Random Pause and Result	END	1632107136053
USER	Get A Random Pause and Result	START	1632107136057
REQUEST		Get a random result	1632107135732	1632107136059	OK	 
USER	Get A Random Pause and Result	START	1632107136079
USER	Get A Random Pause and Result	START	1632107136097
USER	Get A Random Pause and Result	END	1632107136101
USER	Get A Random Pause and Result	END	1632107136114
USER	Get A Random Pause and Result	END	1632107136115
REQUEST		Get a random result	1632107135659	1632107136115	OK	 
USER	Get A Random Pause and Result	START	1632107136119
REQUEST		Get a random result	1632107135693	1632107136127	OK	 
USER	Get A Random Pause and Result	END	1632107136130
USER	Get A Random Pause and Result	START	1632107136135
USER	Get A Random Pause and Result	START	1632107136158
REQUEST		Get a random result	1632107135817	1632107136160	OK	 
USER	Get A Random Pause and Result	START	1632107136175
REQUEST		Get a random result	1632107135834	1632107136191	OK	 
USER	Get A Random Pause and Result	END	1632107136194
USER	Get A Random Pause and Result	START	1632107136194
REQUEST		Get a random result	1632107135757	1632107136200	OK	 
REQUEST		Get a random result	1632107135776	1632107136208	OK	 
USER	Get A Random Pause and Result	START	1632107136215
USER	Get A Random Pause and Result	END	1632107136229
REQUEST		Get a random result	1632107135727	1632107136230	OK	 
REQUEST		Get a random result	1632107135898	1632107136230	OK	 
USER	Get A Random Pause and Result	START	1632107136238
REQUEST		Get a random result	1632107135935	1632107136241	OK	 
USER	Get A Random Pause and Result	END	1632107136257
USER	Get A Random Pause and Result	START	1632107136257
USER	Get A Random Pause and Result	START	1632107136274
REQUEST		Get a random result	1632107135875	1632107136282	OK	 
REQUEST		Get a random result	1632107135794	1632107136283	OK	 
USER	Get A Random Pause and Result	START	1632107136297
USER	Get A Random Pause and Result	END	1632107136312
USER	Get A Random Pause and Result	START	1632107136316
REQUEST		Get a random result	1632107135994	1632107136328	OK	 
USER	Get A Random Pause and Result	START	1632107136335
REQUEST		Get a random result	1632107135857	1632107136357	OK	 
REQUEST		Get a random result	1632107135957	1632107136357	OK	 
USER	Get A Random Pause and Result	START	1632107136357
USER	Get A Random Pause and Result	END	1632107136369
REQUEST		Get a random result	1632107135918	1632107136375	OK	 
USER	Get A Random Pause and Result	END	1632107136379
USER	Get A Random Pause and Result	START	1632107136379
USER	Get A Random Pause and Result	START	1632107136395
USER	Get A Random Pause and Result	END	1632107136414
REQUEST		Get a random result	1632107136014	1632107136417	OK	 
REQUEST		Get a random result	1632107135978	1632107136417	OK	 
USER	Get A Random Pause and Result	START	1632107136416
USER	Get A Random Pause and Result	START	1632107136438
USER	Get A Random Pause and Result	END	1632107136444
REQUEST		Get a random result	1632107136098	1632107136445	OK	 
USER	Get A Random Pause and Result	END	1632107136455
USER	Get A Random Pause and Result	START	1632107136456
USER	Get A Random Pause and Result	END	1632107136459
REQUEST		Get a random result	1632107136038	1632107136459	OK	 
REQUEST		Get a random result	1632107136135	1632107136464	OK	 
USER	Get A Random Pause and Result	START	1632107136478
USER	Get A Random Pause and Result	END	1632107136485
USER	Get A Random Pause and Result	END	1632107136485
USER	Get A Random Pause and Result	END	1632107136492
USER	Get A Random Pause and Result	START	1632107136495
USER	Get A Random Pause and Result	START	1632107136517
USER	Get A Random Pause and Result	END	1632107136535
USER	Get A Random Pause and Result	END	1632107136535
REQUEST		Get a random result	1632107136057	1632107136536	OK	 
USER	Get A Random Pause and Result	START	1632107136535
USER	Get A Random Pause and Result	START	1632107136557
REQUEST		Get a random result	1632107136079	1632107136558	OK	 
REQUEST		Get a random result	1632107136175	1632107136566	OK	 
REQUEST		Get a random result	1632107136119	1632107136566	OK	 
USER	Get A Random Pause and Result	START	1632107136578
REQUEST		Get a random result	1632107136258	1632107136580	OK	 
USER	Get A Random Pause and Result	END	1632107136584
USER	Get A Random Pause and Result	START	1632107136596
REQUEST		Get a random result	1632107136238	1632107136603	OK	 
USER	Get A Random Pause and Result	END	1632107136608
USER	Get A Random Pause and Result	END	1632107136608
USER	Get A Random Pause and Result	START	1632107136617
REQUEST		Get a random result	1632107136158	1632107136618	OK	 
USER	Get A Random Pause and Result	END	1632107136629
USER	Get A Random Pause and Result	START	1632107136635
REQUEST		Get a random result	1632107136297	1632107136641	OK	 
REQUEST		Get a random result	1632107136215	1632107136644	OK	 
USER	Get A Random Pause and Result	START	1632107136657
USER	Get A Random Pause and Result	END	1632107136670
USER	Get A Random Pause and Result	END	1632107136670
USER	Get A Random Pause and Result	START	1632107136676
REQUEST		Get a random result	1632107136336	1632107136677	OK	 
REQUEST		Get a random result	1632107136194	1632107136682	OK	 
USER	Get A Random Pause and Result	START	1632107136698
USER	Get A Random Pause and Result	END	1632107136700
USER	Get A Random Pause and Result	END	1632107136715
USER	Get A Random Pause and Result	END	1632107136719
USER	Get A Random Pause and Result	START	1632107136719
USER	Get A Random Pause and Result	START	1632107136726
USER	Get A Random Pause and Result	START	1632107136741
USER	Get A Random Pause and Result	START	1632107136757
REQUEST		Get a random result	1632107136380	1632107136758	OK	 
REQUEST		Get a random result	1632107136274	1632107136774	OK	 
USER	Get A Random Pause and Result	START	1632107136773
USER	Get A Random Pause and Result	START	1632107136787
USER	Get A Random Pause and Result	END	1632107136791
REQUEST		Get a random result	1632107136316	1632107136791	OK	 
USER	Get A Random Pause and Result	START	1632107136797
REQUEST		Get a random result	1632107136417	1632107136798	OK	 
REQUEST		Get a random result	1632107136438	1632107136807	OK	 
USER	Get A Random Pause and Result	END	1632107136811
USER	Get A Random Pause and Result	START	1632107136815
REQUEST		Get a random result	1632107136357	1632107136816	OK	 
USER	Get A Random Pause and Result	END	1632107136817
USER	Get A Random Pause and Result	END	1632107136819
REQUEST		Get a random result	1632107136479	1632107136820	OK	 
USER	Get A Random Pause and Result	START	1632107136830
USER	Get A Random Pause and Result	END	1632107136835
REQUEST		Get a random result	1632107136495	1632107136836	OK	 
USER	Get A Random Pause and Result	START	1632107136840
REQUEST		Get a random result	1632107136395	1632107136845	OK	 
USER	Get A Random Pause and Result	START	1632107136857
REQUEST		Get a random result	1632107136518	1632107136857	OK	 
USER	Get A Random Pause and Result	END	1632107136858
USER	Get A Random Pause and Result	END	1632107136870
USER	Get A Random Pause and Result	START	1632107136873
USER	Get A Random Pause and Result	START	1632107136887
USER	Get A Random Pause and Result	END	1632107136896
USER	Get A Random Pause and Result	END	1632107136901
USER	Get A Random Pause and Result	START	1632107136901
USER	Get A Random Pause and Result	START	1632107136913
USER	Get A Random Pause and Result	END	1632107136931
USER	Get A Random Pause and Result	START	1632107136931
USER	Get A Random Pause and Result	END	1632107136933
REQUEST		Get a random result	1632107136457	1632107136934	OK	 
USER	Get A Random Pause and Result	START	1632107136943
REQUEST		Get a random result	1632107136579	1632107136944	OK	 
USER	Get A Random Pause and Result	START	1632107136956
REQUEST		Get a random result	1632107136636	1632107136957	OK	 
USER	Get A Random Pause and Result	START	1632107136974
REQUEST		Get a random result	1632107136557	1632107136975	OK	 
REQUEST		Get a random result	1632107136535	1632107136976	OK	 
USER	Get A Random Pause and Result	START	1632107136983
USER	Get A Random Pause and Result	START	1632107136997
USER	Get A Random Pause and Result	END	1632107137012
USER	Get A Random Pause and Result	START	1632107137012
REQUEST		Get a random result	1632107136657	1632107137019	OK	 
REQUEST		Get a random result	1632107136618	1632107137024	OK	 
USER	Get A Random Pause and Result	END	1632107137025
USER	Get A Random Pause and Result	START	1632107137026
USER	Get A Random Pause and Result	START	1632107137041
USER	Get A Random Pause and Result	END	1632107137043
USER	Get A Random Pause and Result	END	1632107137049
USER	Get A Random Pause and Result	START	1632107137056
USER	Get A Random Pause and Result	END	1632107137059
USER	Get A Random Pause and Result	END	1632107137067
USER	Get A Random Pause and Result	START	1632107137070
USER	Get A Random Pause and Result	END	1632107137075
REQUEST		Get a random result	1632107136596	1632107137079	OK	 
USER	Get A Random Pause and Result	START	1632107137084
USER	Get A Random Pause and Result	END	1632107137090
USER	Get A Random Pause and Result	END	1632107137099
USER	Get A Random Pause and Result	START	1632107137099
USER	Get A Random Pause and Result	END	1632107137109
USER	Get A Random Pause and Result	START	1632107137113
REQUEST		Get a random result	1632107136676	1632107137126	OK	 
USER	Get A Random Pause and Result	START	1632107137129
REQUEST		Get a random result	1632107136774	1632107137130	OK	 
USER	Get A Random Pause and Result	START	1632107137141
USER	Get A Random Pause and Result	START	1632107137157
REQUEST		Get a random result	1632107136698	1632107137158	OK	 
USER	Get A Random Pause and Result	START	1632107137169
REQUEST		Get a random result	1632107136720	1632107137173	OK	 
REQUEST		Get a random result	1632107136788	1632107137182	OK	 
REQUEST		Get a random result	1632107136857	1632107137187	OK	 
REQUEST		Get a random result	1632107136830	1632107137187	OK	 
USER	Get A Random Pause and Result	START	1632107137186
USER	Get A Random Pause and Result	END	1632107137190
USER	Get A Random Pause and Result	END	1632107137198
USER	Get A Random Pause and Result	START	1632107137200
REQUEST		Get a random result	1632107136742	1632107137202	OK	 
REQUEST		Get a random result	1632107136873	1632107137207	OK	 
REQUEST		Get a random result	1632107136841	1632107137207	OK	 
REQUEST		Get a random result	1632107136726	1632107137210	OK	 
USER	Get A Random Pause and Result	END	1632107137211
USER	Get A Random Pause and Result	START	1632107137213
REQUEST		Get a random result	1632107136815	1632107137221	OK	 
USER	Get A Random Pause and Result	END	1632107137226
USER	Get A Random Pause and Result	END	1632107137229
USER	Get A Random Pause and Result	START	1632107137231
REQUEST		Get a random result	1632107136797	1632107137234	OK	 
REQUEST		Get a random result	1632107136757	1632107137245	OK	 
USER	Get A Random Pause and Result	START	1632107137244
USER	Get A Random Pause and Result	START	1632107137255
REQUEST		Get a random result	1632107136932	1632107137258	OK	 
USER	Get A Random Pause and Result	END	1632107137272
USER	Get A Random Pause and Result	START	1632107137272
USER	Get A Random Pause and Result	END	1632107137276
USER	Get A Random Pause and Result	START	1632107137287
REQUEST		Get a random result	1632107136943	1632107137288	OK	 
USER	Get A Random Pause and Result	START	1632107137303
USER	Get A Random Pause and Result	START	1632107137314
USER	Get A Random Pause and Result	START	1632107137329
USER	Get A Random Pause and Result	END	1632107137333
USER	Get A Random Pause and Result	START	1632107137342
REQUEST		Get a random result	1632107136887	1632107137344	OK	 
REQUEST		Get a random result	1632107136975	1632107137350	OK	 
USER	Get A Random Pause and Result	START	1632107137357
USER	Get A Random Pause and Result	START	1632107137372
REQUEST		Get a random result	1632107136901	1632107137377	OK	 
USER	Get A Random Pause and Result	END	1632107137378
USER	Get A Random Pause and Result	END	1632107137384
USER	Get A Random Pause and Result	START	1632107137384
USER	Get A Random Pause and Result	START	1632107137399
REQUEST		Get a random result	1632107136913	1632107137408	OK	 
USER	Get A Random Pause and Result	END	1632107137409
REQUEST		Get a random result	1632107137070	1632107137415	OK	 
USER	Get A Random Pause and Result	START	1632107137416
USER	Get A Random Pause and Result	END	1632107137428
USER	Get A Random Pause and Result	START	1632107137428
USER	Get A Random Pause and Result	END	1632107137434
USER	Get A Random Pause and Result	END	1632107137442
USER	Get A Random Pause and Result	END	1632107137442
USER	Get A Random Pause and Result	START	1632107137443
REQUEST		Get a random result	1632107137026	1632107137448	OK	 
REQUEST		Get a random result	1632107136957	1632107137454	OK	 
USER	Get A Random Pause and Result	END	1632107137457
USER	Get A Random Pause and Result	START	1632107137457
USER	Get A Random Pause and Result	END	1632107137458
USER	Get A Random Pause and Result	END	1632107137458
USER	Get A Random Pause and Result	END	1632107137464
REQUEST		Get a random result	1632107136997	1632107137471	OK	 
USER	Get A Random Pause and Result	END	1632107137474
USER	Get A Random Pause and Result	START	1632107137474
REQUEST		Get a random result	1632107136984	1632107137475	OK	 
USER	Get A Random Pause and Result	START	1632107137488
USER	Get A Random Pause and Result	END	1632107137490
USER	Get A Random Pause and Result	END	1632107137500
REQUEST		Get a random result	1632107137013	1632107137500	OK	 
USER	Get A Random Pause and Result	START	1632107137501
REQUEST		Get a random result	1632107137041	1632107137503	OK	 
USER	Get A Random Pause and Result	END	1632107137512
USER	Get A Random Pause and Result	START	1632107137514
REQUEST		Get a random result	1632107137099	1632107137524	OK	 
REQUEST		Get a random result	1632107137057	1632107137527	OK	 
USER	Get A Random Pause and Result	START	1632107137528
USER	Get A Random Pause and Result	END	1632107137542
REQUEST		Get a random result	1632107137084	1632107137543	OK	 
USER	Get A Random Pause and Result	START	1632107137544
USER	Get A Random Pause and Result	START	1632107137557
REQUEST		Get a random result	1632107137157	1632107137562	OK	 
USER	Get A Random Pause and Result	START	1632107137570
REQUEST		Get a random result	1632107137129	1632107137571	OK	 
REQUEST		Get a random result	1632107137114	1632107137577	OK	 
REQUEST		Get a random result	1632107137141	1632107137582	OK	 
USER	Get A Random Pause and Result	START	1632107137584
USER	Get A Random Pause and Result	END	1632107137595
USER	Get A Random Pause and Result	START	1632107137598
USER	Get A Random Pause and Result	END	1632107137604
USER	Get A Random Pause and Result	START	1632107137616
REQUEST		Get a random result	1632107137201	1632107137623	OK	 
REQUEST		Get a random result	1632107137255	1632107137628	OK	 
USER	Get A Random Pause and Result	START	1632107137629
USER	Get A Random Pause and Result	END	1632107137630
USER	Get A Random Pause and Result	START	1632107137646
REQUEST		Get a random result	1632107137187	1632107137657	OK	 
REQUEST		Get a random result	1632107137170	1632107137657	OK	 
USER	Get A Random Pause and Result	START	1632107137660
USER	Get A Random Pause and Result	END	1632107137662
USER	Get A Random Pause and Result	END	1632107137667
REQUEST		Get a random result	1632107137231	1632107137668	OK	 
REQUEST		Get a random result	1632107137287	1632107137668	OK	 
USER	Get A Random Pause and Result	START	1632107137675
USER	Get A Random Pause and Result	START	1632107137688
REQUEST		Get a random result	1632107137303	1632107137699	OK	 
REQUEST		Get a random result	1632107137213	1632107137699	OK	 
USER	Get A Random Pause and Result	END	1632107137701
USER	Get A Random Pause and Result	START	1632107137701
USER	Get A Random Pause and Result	END	1632107137709
USER	Get A Random Pause and Result	START	1632107137714
USER	Get A Random Pause and Result	END	1632107137723
USER	Get A Random Pause and Result	START	1632107137725
USER	Get A Random Pause and Result	END	1632107137726
REQUEST		Get a random result	1632107137245	1632107137729	OK	 
USER	Get A Random Pause and Result	START	1632107137735
USER	Get A Random Pause and Result	START	1632107137746
USER	Get A Random Pause and Result	END	1632107137754
USER	Get A Random Pause and Result	END	1632107137756
USER	Get A Random Pause and Result	START	1632107137756
REQUEST		Get a random result	1632107137373	1632107137766	OK	 
USER	Get A Random Pause and Result	START	1632107137767
REQUEST		Get a random result	1632107137272	1632107137774	OK	 
USER	Get A Random Pause and Result	END	1632107137777
REQUEST		Get a random result	1632107137443	1632107137777	OK	 
REQUEST		Get a random result	1632107137416	1632107137777	OK	 
USER	Get A Random Pause and Result	START	1632107137778
USER	Get A Random Pause and Result	END	1632107137779
REQUEST		Get a random result	1632107137357	1632107137786	OK	 
REQUEST		Get a random result	1632107137314	1632107137786	OK	 
USER	Get A Random Pause and Result	START	1632107137790
REQUEST		Get a random result	1632107137385	1632107137795	OK	 
USER	Get A Random Pause and Result	END	1632107137797
USER	Get A Random Pause and Result	START	1632107137802
REQUEST		Get a random result	1632107137475	1632107137807	OK	 
USER	Get A Random Pause and Result	START	1632107137814
USER	Get A Random Pause and Result	END	1632107137815
USER	Get A Random Pause and Result	END	1632107137823
USER	Get A Random Pause and Result	START	1632107137827
USER	Get A Random Pause and Result	END	1632107137829
REQUEST		Get a random result	1632107137330	1632107137831	OK	 
REQUEST		Get a random result	1632107137428	1632107137832	OK	 
REQUEST		Get a random result	1632107137342	1632107137832	OK	 
USER	Get A Random Pause and Result	END	1632107137833
USER	Get A Random Pause and Result	START	1632107137835
REQUEST		Get a random result	1632107137399	1632107137841	OK	 
USER	Get A Random Pause and Result	START	1632107137845
REQUEST		Get a random result	1632107137502	1632107137857	OK	 
USER	Get A Random Pause and Result	START	1632107137859
USER	Get A Random Pause and Result	START	1632107137869
USER	Get A Random Pause and Result	START	1632107137879
USER	Get A Random Pause and Result	END	1632107137880
USER	Get A Random Pause and Result	END	1632107137880
REQUEST		Get a random result	1632107137514	1632107137891	OK	 
USER	Get A Random Pause and Result	START	1632107137890
REQUEST		Get a random result	1632107137557	1632107137891	OK	 
USER	Get A Random Pause and Result	START	1632107137901
REQUEST		Get a random result	1632107137570	1632107137907	OK	 
USER	Get A Random Pause and Result	END	1632107137909
USER	Get A Random Pause and Result	END	1632107137909
USER	Get A Random Pause and Result	START	1632107137917
USER	Get A Random Pause and Result	END	1632107137919
USER	Get A Random Pause and Result	END	1632107137921
USER	Get A Random Pause and Result	START	1632107137928
USER	Get A Random Pause and Result	START	1632107137937
USER	Get A Random Pause and Result	START	1632107137950
USER	Get A Random Pause and Result	END	1632107137951
USER	Get A Random Pause and Result	END	1632107137951
REQUEST		Get a random result	1632107137457	1632107137957	OK	 
USER	Get A Random Pause and Result	START	1632107137957
USER	Get A Random Pause and Result	START	1632107137971
REQUEST		Get a random result	1632107137660	1632107137976	OK	 
USER	Get A Random Pause and Result	END	1632107137980
REQUEST		Get a random result	1632107137489	1632107137981	OK	 
USER	Get A Random Pause and Result	START	1632107137983
USER	Get A Random Pause and Result	START	1632107137991
USER	Get A Random Pause and Result	START	1632107138000
REQUEST		Get a random result	1632107137544	1632107138007	OK	 
REQUEST		Get a random result	1632107137599	1632107138007	OK	 
USER	Get A Random Pause and Result	START	1632107138013
USER	Get A Random Pause and Result	END	1632107138018
USER	Get A Random Pause and Result	START	1632107138025
USER	Get A Random Pause and Result	END	1632107138027
REQUEST		Get a random result	1632107137528	1632107138027	OK	 
USER	Get A Random Pause and Result	END	1632107138028
USER	Get A Random Pause and Result	END	1632107138030
REQUEST		Get a random result	1632107137715	1632107138034	OK	 
USER	Get A Random Pause and Result	START	1632107138035
USER	Get A Random Pause and Result	END	1632107138040
USER	Get A Random Pause and Result	END	1632107138040
REQUEST		Get a random result	1632107137725	1632107138041	OK	 
REQUEST		Get a random result	1632107137585	1632107138046	OK	 
USER	Get A Random Pause and Result	START	1632107138047
USER	Get A Random Pause and Result	END	1632107138048
USER	Get A Random Pause and Result	START	1632107138057
USER	Get A Random Pause and Result	END	1632107138058
REQUEST		Get a random result	1632107137675	1632107138064	OK	 
USER	Get A Random Pause and Result	START	1632107138069
USER	Get A Random Pause and Result	START	1632107138081
USER	Get A Random Pause and Result	END	1632107138082
USER	Get A Random Pause and Result	END	1632107138084
USER	Get A Random Pause and Result	END	1632107138084
REQUEST		Get a random result	1632107137756	1632107138085	OK	 
USER	Get A Random Pause and Result	END	1632107138093
USER	Get A Random Pause and Result	START	1632107138093
REQUEST		Get a random result	1632107137629	1632107138101	OK	 
REQUEST		Get a random result	1632107137616	1632107138101	OK	 
USER	Get A Random Pause and Result	START	1632107138104
USER	Get A Random Pause and Result	END	1632107138109
USER	Get A Random Pause and Result	START	1632107138116
REQUEST		Get a random result	1632107137746	1632107138117	OK	 
USER	Get A Random Pause and Result	START	1632107138125
USER	Get A Random Pause and Result	START	1632107138134
REQUEST		Get a random result	1632107137802	1632107138135	OK	 
REQUEST		Get a random result	1632107137702	1632107138141	OK	 
USER	Get A Random Pause and Result	END	1632107138144
USER	Get A Random Pause and Result	END	1632107138144
REQUEST		Get a random result	1632107137647	1632107138151	OK	 
USER	Get A Random Pause and Result	START	1632107138151
USER	Get A Random Pause and Result	END	1632107138159
REQUEST		Get a random result	1632107137688	1632107138160	OK	 
REQUEST		Get a random result	1632107137767	1632107138161	OK	 
USER	Get A Random Pause and Result	START	1632107138161
REQUEST		Get a random result	1632107137736	1632107138168	OK	 
REQUEST		Get a random result	1632107137860	1632107138168	OK	 
USER	Get A Random Pause and Result	START	1632107138172
REQUEST		Get a random result	1632107137778	1632107138173	OK	 
USER	Get A Random Pause and Result	START	1632107138183
REQUEST		Get a random result	1632107137835	1632107138187	OK	 
USER	Get A Random Pause and Result	START	1632107138190
USER	Get A Random Pause and Result	START	1632107138203
REQUEST		Get a random result	1632107137869	1632107138207	OK	 
USER	Get A Random Pause and Result	END	1632107138209
USER	Get A Random Pause and Result	START	1632107138213
REQUEST		Get a random result	1632107137814	1632107138215	OK	 
USER	Get A Random Pause and Result	END	1632107138227
USER	Get A Random Pause and Result	START	1632107138227
USER	Get A Random Pause and Result	END	1632107138232
REQUEST		Get a random result	1632107137828	1632107138233	OK	 
USER	Get A Random Pause and Result	START	1632107138235
REQUEST		Get a random result	1632107137917	1632107138241	OK	 
REQUEST		Get a random result	1632107137890	1632107138241	OK	 
USER	Get A Random Pause and Result	START	1632107138246
USER	Get A Random Pause and Result	END	1632107138261
USER	Get A Random Pause and Result	END	1632107138261
USER	Get A Random Pause and Result	START	1632107138261
REQUEST		Get a random result	1632107137790	1632107138263	OK	 
REQUEST		Get a random result	1632107137846	1632107138264	OK	 
USER	Get A Random Pause and Result	START	1632107138268
USER	Get A Random Pause and Result	END	1632107138282
USER	Get A Random Pause and Result	START	1632107138283
USER	Get A Random Pause and Result	END	1632107138288
USER	Get A Random Pause and Result	START	1632107138292
USER	Get A Random Pause and Result	END	1632107138293
USER	Get A Random Pause and Result	END	1632107138297
USER	Get A Random Pause and Result	START	1632107138305
REQUEST		Get a random result	1632107137984	1632107138316	OK	 
USER	Get A Random Pause and Result	START	1632107138315
USER	Get A Random Pause and Result	END	1632107138319
USER	Get A Random Pause and Result	START	1632107138324
REQUEST		Get a random result	1632107137879	1632107138328	OK	 
REQUEST		Get a random result	1632107138001	1632107138335	OK	 
REQUEST		Get a random result	1632107137951	1632107138335	OK	 
USER	Get A Random Pause and Result	START	1632107138335
USER	Get A Random Pause and Result	END	1632107138340
USER	Get A Random Pause and Result	START	1632107138348
USER	Get A Random Pause and Result	END	1632107138354
USER	Get A Random Pause and Result	END	1632107138354
USER	Get A Random Pause and Result	START	1632107138358
REQUEST		Get a random result	1632107138047	1632107138360	OK	 
REQUEST		Get a random result	1632107137971	1632107138364	OK	 
USER	Get A Random Pause and Result	END	1632107138372
USER	Get A Random Pause and Result	START	1632107138372
REQUEST		Get a random result	1632107137937	1632107138377	OK	 
REQUEST		Get a random result	1632107137901	1632107138377	OK	 
REQUEST		Get a random result	1632107137957	1632107138377	OK	 
REQUEST		Get a random result	1632107137991	1632107138377	OK	 
USER	Get A Random Pause and Result	START	1632107138380
REQUEST		Get a random result	1632107138025	1632107138381	OK	 
REQUEST		Get a random result	1632107137928	1632107138381	OK	 
REQUEST		Get a random result	1632107138057	1632107138383	OK	 
USER	Get A Random Pause and Result	END	1632107138390
USER	Get A Random Pause and Result	START	1632107138391
USER	Get A Random Pause and Result	END	1632107138394
USER	Get A Random Pause and Result	START	1632107138402
USER	Get A Random Pause and Result	END	1632107138407
USER	Get A Random Pause and Result	END	1632107138412
USER	Get A Random Pause and Result	END	1632107138417
USER	Get A Random Pause and Result	START	1632107138417
USER	Get A Random Pause and Result	END	1632107138422
USER	Get A Random Pause and Result	END	1632107138422
REQUEST		Get a random result	1632107138013	1632107138422	OK	 
USER	Get A Random Pause and Result	END	1632107138424
USER	Get A Random Pause and Result	START	1632107138424
USER	Get A Random Pause and Result	START	1632107138435
USER	Get A Random Pause and Result	END	1632107138440
REQUEST		Get a random result	1632107138081	1632107138441	OK	 
USER	Get A Random Pause and Result	START	1632107138447
REQUEST		Get a random result	1632107138069	1632107138456	OK	 
USER	Get A Random Pause and Result	START	1632107138457
USER	Get A Random Pause and Result	END	1632107138458
USER	Get A Random Pause and Result	END	1632107138471
USER	Get A Random Pause and Result	START	1632107138471
USER	Get A Random Pause and Result	START	1632107138481
USER	Get A Random Pause and Result	END	1632107138488
REQUEST		Get a random result	1632107138162	1632107138488	OK	 
REQUEST		Get a random result	1632107138151	1632107138488	OK	 
USER	Get A Random Pause and Result	END	1632107138494
USER	Get A Random Pause and Result	END	1632107138494
USER	Get A Random Pause and Result	START	1632107138494
USER	Get A Random Pause and Result	START	1632107138502
USER	Get A Random Pause and Result	END	1632107138515
USER	Get A Random Pause and Result	START	1632107138515
USER	Get A Random Pause and Result	END	1632107138517
REQUEST		Get a random result	1632107138035	1632107138517	OK	 
REQUEST		Get a random result	1632107138093	1632107138528	OK	 
USER	Get A Random Pause and Result	START	1632107138527
REQUEST		Get a random result	1632107138104	1632107138531	OK	 
REQUEST		Get a random result	1632107138116	1632107138541	OK	 
USER	Get A Random Pause and Result	START	1632107138540
REQUEST		Get a random result	1632107138213	1632107138542	OK	 
USER	Get A Random Pause and Result	START	1632107138546
REQUEST		Get a random result	1632107138135	1632107138553	OK	 
REQUEST		Get a random result	1632107138190	1632107138557	OK	 
USER	Get A Random Pause and Result	START	1632107138557
USER	Get A Random Pause and Result	END	1632107138568
REQUEST		Get a random result	1632107138261	1632107138572	OK	 
USER	Get A Random Pause and Result	START	1632107138571
USER	Get A Random Pause and Result	END	1632107138580
USER	Get A Random Pause and Result	START	1632107138580
USER	Get A Random Pause and Result	END	1632107138590
USER	Get A Random Pause and Result	END	1632107138591
USER	Get A Random Pause and Result	START	1632107138592
REQUEST		Get a random result	1632107138125	1632107138597	OK	 
USER	Get A Random Pause and Result	START	1632107138605
REQUEST		Get a random result	1632107138246	1632107138607	OK	 
USER	Get A Random Pause and Result	END	1632107138614
USER	Get A Random Pause and Result	END	1632107138619
USER	Get A Random Pause and Result	START	1632107138619
USER	Get A Random Pause and Result	START	1632107138626
USER	Get A Random Pause and Result	END	1632107138630
USER	Get A Random Pause and Result	END	1632107138630
USER	Get A Random Pause and Result	END	1632107138630
USER	Get A Random Pause and Result	END	1632107138630
USER	Get A Random Pause and Result	END	1632107138637
USER	Get A Random Pause and Result	END	1632107138637
USER	Get A Random Pause and Result	END	1632107138637
USER	Get A Random Pause and Result	START	1632107138637
REQUEST		Get a random result	1632107138172	1632107138641	OK	 
REQUEST		Get a random result	1632107138283	1632107138646	OK	 
USER	Get A Random Pause and Result	START	1632107138646
REQUEST		Get a random result	1632107138235	1632107138654	OK	 
USER	Get A Random Pause and Result	START	1632107138662
REQUEST		Get a random result	1632107138315	1632107138665	OK	 
REQUEST		Get a random result	1632107138203	1632107138665	OK	 
REQUEST		Get a random result	1632107138324	1632107138665	OK	 
REQUEST		Get a random result	1632107138227	1632107138668	OK	 
USER	Get A Random Pause and Result	START	1632107138669
USER	Get A Random Pause and Result	END	1632107138675
REQUEST		Get a random result	1632107138184	1632107138679	OK	 
USER	Get A Random Pause and Result	START	1632107138681
USER	Get A Random Pause and Result	END	1632107138695
USER	Get A Random Pause and Result	START	1632107138695
REQUEST		Get a random result	1632107138292	1632107138697	OK	 
USER	Get A Random Pause and Result	START	1632107138707
USER	Get A Random Pause and Result	END	1632107138713
REQUEST		Get a random result	1632107138372	1632107138714	OK	 
REQUEST		Get a random result	1632107138380	1632107138720	OK	 
REQUEST		Get a random result	1632107138417	1632107138720	OK	 
REQUEST		Get a random result	1632107138358	1632107138734	OK	 
REQUEST		Get a random result	1632107138305	1632107138741	OK	 
USER	Get A Random Pause and Result	END	1632107138742
USER	Get A Random Pause and Result	END	1632107138742
REQUEST		Get a random result	1632107138435	1632107138761	OK	 
REQUEST		Get a random result	1632107138268	1632107138765	OK	 
USER	Get A Random Pause and Result	END	1632107138769
REQUEST		Get a random result	1632107138348	1632107138775	OK	 
USER	Get A Random Pause and Result	END	1632107138781
USER	Get A Random Pause and Result	END	1632107138787
REQUEST		Get a random result	1632107138336	1632107138793	OK	 
USER	Get A Random Pause and Result	END	1632107138793
USER	Get A Random Pause and Result	END	1632107138798
REQUEST		Get a random result	1632107138471	1632107138798	OK	 
USER	Get A Random Pause and Result	END	1632107138807
USER	Get A Random Pause and Result	END	1632107138809
REQUEST		Get a random result	1632107138402	1632107138816	OK	 
REQUEST		Get a random result	1632107138425	1632107138824	OK	 
USER	Get A Random Pause and Result	END	1632107138827
REQUEST		Get a random result	1632107138391	1632107138835	OK	 
REQUEST		Get a random result	1632107138481	1632107138841	OK	 
REQUEST		Get a random result	1632107138447	1632107138841	OK	 
USER	Get A Random Pause and Result	END	1632107138851
REQUEST		Get a random result	1632107138527	1632107138852	OK	 
USER	Get A Random Pause and Result	END	1632107138859
REQUEST		Get a random result	1632107138457	1632107138870	OK	 
REQUEST		Get a random result	1632107138547	1632107138886	OK	 
REQUEST		Get a random result	1632107138502	1632107138888	OK	 
USER	Get A Random Pause and Result	END	1632107138898
USER	Get A Random Pause and Result	END	1632107138900
REQUEST		Get a random result	1632107138592	1632107138901	OK	 
USER	Get A Random Pause and Result	END	1632107138905
REQUEST		Get a random result	1632107138515	1632107138909	OK	 
REQUEST		Get a random result	1632107138494	1632107138913	OK	 
USER	Get A Random Pause and Result	END	1632107138916
USER	Get A Random Pause and Result	END	1632107138916
USER	Get A Random Pause and Result	END	1632107138917
REQUEST		Get a random result	1632107138541	1632107138917	OK	 
USER	Get A Random Pause and Result	END	1632107138919
USER	Get A Random Pause and Result	END	1632107138930
USER	Get A Random Pause and Result	END	1632107138954
REQUEST		Get a random result	1632107138619	1632107138962	OK	 
USER	Get A Random Pause and Result	END	1632107138967
REQUEST		Get a random result	1632107138558	1632107138967	OK	 
USER	Get A Random Pause and Result	END	1632107138971
USER	Get A Random Pause and Result	END	1632107138976
USER	Get A Random Pause and Result	END	1632107138990
REQUEST		Get a random result	1632107138572	1632107138991	OK	 
USER	Get A Random Pause and Result	END	1632107138995
USER	Get A Random Pause and Result	END	1632107139012
USER	Get A Random Pause and Result	END	1632107139017
REQUEST		Get a random result	1632107138695	1632107139018	OK	 
REQUEST		Get a random result	1632107138647	1632107139023	OK	 
USER	Get A Random Pause and Result	END	1632107139027
USER	Get A Random Pause and Result	END	1632107139045
USER	Get A Random Pause and Result	END	1632107139054
REQUEST		Get a random result	1632107138580	1632107139064	OK	 
USER	Get A Random Pause and Result	END	1632107139068
REQUEST		Get a random result	1632107138626	1632107139075	OK	 
USER	Get A Random Pause and Result	END	1632107139075
REQUEST		Get a random result	1632107138662	1632107139077	OK	 
USER	Get A Random Pause and Result	END	1632107139090
REQUEST		Get a random result	1632107138605	1632107139092	OK	 
USER	Get A Random Pause and Result	END	1632107139092
USER	Get A Random Pause and Result	END	1632107139093
REQUEST		Get a random result	1632107138682	1632107139094	OK	 
USER	Get A Random Pause and Result	END	1632107139107
REQUEST		Get a random result	1632107138638	1632107139114	OK	 
USER	Get A Random Pause and Result	END	1632107139123
REQUEST		Get a random result	1632107138707	1632107139138	OK	 
USER	Get A Random Pause and Result	END	1632107139140
USER	Get A Random Pause and Result	END	1632107139140
REQUEST		Get a random result	1632107138670	1632107139149	OK	 
USER	Get A Random Pause and Result	END	1632107139157
USER	Get A Random Pause and Result	END	1632107139163
USER	Get A Random Pause and Result	END	1632107139166
USER	Get A Random Pause and Result	END	1632107139171
USER	Get A Random Pause and Result	END	1632107139213
USER	Get A Random Pause and Result	END	1632107139222
USER	Get A Random Pause and Result	END	1632107139245
USER	Get A Random Pause and Result	END	1632107139271
USER	Get A Random Pause and Result	END	1632107139275
USER	Get A Random Pause and Result	END	1632107139315
USER	Get A Random Pause and Result	END	1632107139327
USER	Get A Random Pause and Result	END	1632107139328
USER	Get A Random Pause and Result	END	1632107139344
USER	Get A Random Pause and Result	END	1632107139345
USER	Get A Random Pause and Result	END	1632107139368
USER	Get A Random Pause and Result	END	1632107139392
USER	Get A Random Pause and Result	END	1632107139404
